{
"contracts/DecentralizedStableCoin.sol":{"l":{"44":6,"45":6,"46":1,"48":5,"49":1,"51":4,"58":18,"59":1,"61":17,"63":1,"65":16,"66":16},"path":"/home/akshayshekaran/Web3/stablecoin/contracts/DecentralizedStableCoin.sol","s":{"1":6,"2":6,"3":5,"4":4,"5":18,"6":17,"7":16,"8":16},"b":{"1":[6,1],"2":[1,5],"3":[1,4],"4":[18,1],"5":[1,17],"6":[1,16]},"f":{"1":3,"2":6,"3":18},"fnMap":{"1":{"name":"constructor","line":41,"loc":{"start":{"line":41,"column":4},"end":{"line":41,"column":59}}},"2":{"name":"burn","line":43,"loc":{"start":{"line":43,"column":4},"end":{"line":52,"column":4}}},"3":{"name":"mint","line":57,"loc":{"start":{"line":54,"column":4},"end":{"line":67,"column":4}}}},"statementMap":{"1":{"start":{"line":44,"column":8},"end":{"line":44,"column":47}},"2":{"start":{"line":45,"column":8},"end":{"line":45,"column":1246}},"3":{"start":{"line":48,"column":8},"end":{"line":48,"column":1347}},"4":{"start":{"line":51,"column":8},"end":{"line":51,"column":26}},"5":{"start":{"line":58,"column":8},"end":{"line":58,"column":1608}},"6":{"start":{"line":61,"column":8},"end":{"line":61,"column":1707}},"7":{"start":{"line":65,"column":8},"end":{"line":65,"column":25}},"8":{"start":{"line":66,"column":8},"end":{"line":66,"column":19}}},"branchMap":{"1":{"line":43,"type":"if","locations":[{"start":{"line":43,"column":51},"end":{"line":43,"column":51}},{"start":{"line":43,"column":51},"end":{"line":43,"column":51}}]},"2":{"line":45,"type":"if","locations":[{"start":{"line":45,"column":8},"end":{"line":45,"column":8}},{"start":{"line":45,"column":8},"end":{"line":45,"column":8}}]},"3":{"line":48,"type":"if","locations":[{"start":{"line":48,"column":8},"end":{"line":48,"column":8}},{"start":{"line":48,"column":8},"end":{"line":48,"column":8}}]},"4":{"line":57,"type":"if","locations":[{"start":{"line":57,"column":15},"end":{"line":57,"column":15}},{"start":{"line":57,"column":15},"end":{"line":57,"column":15}}]},"5":{"line":58,"type":"if","locations":[{"start":{"line":58,"column":8},"end":{"line":58,"column":8}},{"start":{"line":58,"column":8},"end":{"line":58,"column":8}}]},"6":{"line":61,"type":"if","locations":[{"start":{"line":61,"column":8},"end":{"line":61,"column":8}},{"start":{"line":61,"column":8},"end":{"line":61,"column":8}}]}}},
"contracts/KAAIEngine.sol":{"l":{"57":43,"58":2,"60":41,"63":17,"64":1,"66":16,"75":3,"76":0,"78":3,"79":3,"81":3,"82":3,"91":0,"92":0,"104":16,"107":16,"112":16,"117":16,"118":0,"127":0,"128":0,"129":0,"139":3,"145":3,"149":13,"150":13,"151":12,"152":12,"153":0,"158":2,"159":2,"167":2,"168":2,"169":1,"171":1,"176":1,"178":1,"179":1,"180":1,"186":1,"187":1,"198":22,"199":22,"207":3,"208":3,"209":3,"210":0,"212":3,"221":4,"222":4,"223":4,"224":4,"225":4,"229":4,"230":0,"235":22,"239":22,"240":22,"242":22,"246":19,"247":19,"248":19,"249":2,"256":23,"257":46,"258":46,"260":46,"268":2,"271":2,"276":2,"285":48,"286":48,"293":1,"297":1,"301":1,"305":1,"308":1,"311":0,"315":1,"319":1,"323":1,"329":2,"333":1},"path":"/home/akshayshekaran/Web3/stablecoin/contracts/KAAIEngine.sol","s":{"1":43,"2":17,"3":3,"4":3,"5":0,"6":0,"7":16,"8":16,"9":16,"10":0,"11":0,"12":0,"13":3,"14":3,"15":13,"16":12,"17":12,"18":2,"19":2,"20":2,"21":2,"22":1,"23":1,"24":1,"25":1,"26":1,"27":1,"28":1,"29":3,"30":3,"31":3,"32":4,"33":4,"34":4,"35":4,"36":4,"37":22,"38":22,"39":0,"40":22,"41":22,"42":19,"43":19,"44":19,"45":23,"46":46,"47":46,"48":2,"49":2,"50":2,"51":48,"52":1,"53":1,"54":1,"55":1,"56":1,"57":0,"58":1,"59":1,"60":1,"61":2,"62":1},"b":{"1":[2,41],"2":[1,16],"3":[0,3],"4":[17,1],"5":[16,1],"6":[16,0],"7":[0,16],"8":[3,0],"9":[3,0],"10":[13,1],"11":[0,12],"12":[2,0],"13":[2,0],"14":[2,0],"15":[1,1],"16":[0,3],"17":[4,0],"18":[0,4],"19":[0,22],"20":[2,17]},"f":{"1":43,"2":17,"3":3,"4":0,"5":16,"6":0,"7":3,"8":13,"9":2,"10":2,"11":22,"12":3,"13":4,"14":22,"15":19,"16":23,"17":2,"18":48,"19":1,"20":1,"21":1,"22":1,"23":1,"24":0,"25":1,"26":1,"27":1,"28":2,"29":1},"fnMap":{"1":{"name":"moreThanZero","line":56,"loc":{"start":{"line":56,"column":4},"end":{"line":61,"column":4}}},"2":{"name":"isTokenAllowed","line":62,"loc":{"start":{"line":62,"column":4},"end":{"line":67,"column":4}}},"3":{"name":"constructor","line":70,"loc":{"start":{"line":70,"column":4},"end":{"line":83,"column":4}}},"4":{"name":"depositCollateralandMintKaai","line":86,"loc":{"start":{"line":86,"column":4},"end":{"line":93,"column":4}}},"5":{"name":"depositCollateral","line":102,"loc":{"start":{"line":95,"column":4},"end":{"line":120,"column":4}}},"6":{"name":"redeemCollateralForKaai","line":122,"loc":{"start":{"line":122,"column":4},"end":{"line":130,"column":4}}},"7":{"name":"redeemCollateral","line":138,"loc":{"start":{"line":135,"column":4},"end":{"line":146,"column":4}}},"8":{"name":"mintKaai","line":148,"loc":{"start":{"line":148,"column":4},"end":{"line":155,"column":4}}},"9":{"name":"burnKaai","line":157,"loc":{"start":{"line":157,"column":4},"end":{"line":160,"column":4}}},"10":{"name":"liquidate","line":166,"loc":{"start":{"line":162,"column":4},"end":{"line":188,"column":4}}},"11":{"name":"getAccountInformation","line":191,"loc":{"start":{"line":191,"column":4},"end":{"line":200,"column":4}}},"12":{"name":"_burnKaai","line":202,"loc":{"start":{"line":202,"column":4},"end":{"line":213,"column":4}}},"13":{"name":"_redeemCollateral","line":220,"loc":{"start":{"line":215,"column":4},"end":{"line":232,"column":4}}},"14":{"name":"_healthFactor","line":234,"loc":{"start":{"line":234,"column":4},"end":{"line":243,"column":4}}},"15":{"name":"revertIfHealthFactorBroken","line":245,"loc":{"start":{"line":245,"column":4},"end":{"line":251,"column":4}}},"16":{"name":"getCollateralValue","line":253,"loc":{"start":{"line":253,"column":4},"end":{"line":262,"column":4}}},"17":{"name":"getTokenAmountFromUsd","line":264,"loc":{"start":{"line":264,"column":4},"end":{"line":278,"column":4}}},"18":{"name":"getUsdValue","line":280,"loc":{"start":{"line":280,"column":4},"end":{"line":290,"column":4}}},"19":{"name":"getPrecision","line":292,"loc":{"start":{"line":292,"column":4},"end":{"line":294,"column":4}}},"20":{"name":"getAdditionalFeedPrecision","line":296,"loc":{"start":{"line":296,"column":4},"end":{"line":298,"column":4}}},"21":{"name":"getLiquidationThreshold","line":300,"loc":{"start":{"line":300,"column":4},"end":{"line":302,"column":4}}},"22":{"name":"getLiquidationBonus","line":304,"loc":{"start":{"line":304,"column":4},"end":{"line":306,"column":4}}},"23":{"name":"getCollateralDeposit","line":307,"loc":{"start":{"line":307,"column":4},"end":{"line":309,"column":4}}},"24":{"name":"getLiquidationPrecision","line":310,"loc":{"start":{"line":310,"column":4},"end":{"line":312,"column":4}}},"25":{"name":"getMinHealthFactor","line":314,"loc":{"start":{"line":314,"column":4},"end":{"line":316,"column":4}}},"26":{"name":"getCollateralTokens","line":318,"loc":{"start":{"line":318,"column":4},"end":{"line":320,"column":4}}},"27":{"name":"getKaai","line":322,"loc":{"start":{"line":322,"column":4},"end":{"line":324,"column":4}}},"28":{"name":"getCollateralTokenPriceFeed","line":326,"loc":{"start":{"line":326,"column":4},"end":{"line":330,"column":4}}},"29":{"name":"getHealthFactor","line":332,"loc":{"start":{"line":332,"column":4},"end":{"line":334,"column":4}}}},"statementMap":{"1":{"start":{"line":57,"column":8},"end":{"line":57,"column":1957}},"2":{"start":{"line":63,"column":8},"end":{"line":63,"column":2102}},"3":{"start":{"line":75,"column":8},"end":{"line":75,"column":2381}},"4":{"start":{"line":78,"column":8},"end":{"line":78,"column":2503}},"5":{"start":{"line":91,"column":8},"end":{"line":91,"column":66}},"6":{"start":{"line":92,"column":8},"end":{"line":92,"column":27}},"7":{"start":{"line":107,"column":8},"end":{"line":107,"column":3441}},"8":{"start":{"line":112,"column":8},"end":{"line":112,"column":3575}},"9":{"start":{"line":117,"column":8},"end":{"line":117,"column":3732}},"10":{"start":{"line":127,"column":8},"end":{"line":127,"column":58}},"11":{"start":{"line":128,"column":8},"end":{"line":128,"column":89}},"12":{"start":{"line":129,"column":8},"end":{"line":129,"column":45}},"13":{"start":{"line":139,"column":8},"end":{"line":139,"column":4455}},"14":{"start":{"line":145,"column":8},"end":{"line":145,"column":45}},"15":{"start":{"line":150,"column":8},"end":{"line":150,"column":45}},"16":{"start":{"line":151,"column":8},"end":{"line":151,"column":57}},"17":{"start":{"line":152,"column":8},"end":{"line":152,"column":4892}},"18":{"start":{"line":158,"column":8},"end":{"line":158,"column":48}},"19":{"start":{"line":159,"column":8},"end":{"line":159,"column":45}},"20":{"start":{"line":167,"column":8},"end":{"line":167,"column":62}},"21":{"start":{"line":168,"column":8},"end":{"line":168,"column":5380}},"22":{"start":{"line":171,"column":8},"end":{"line":171,"column":5504}},"23":{"start":{"line":176,"column":8},"end":{"line":176,"column":5679}},"24":{"start":{"line":178,"column":8},"end":{"line":178,"column":45}},"25":{"start":{"line":179,"column":8},"end":{"line":179,"column":44}},"26":{"start":{"line":180,"column":8},"end":{"line":180,"column":5859}},"27":{"start":{"line":186,"column":8},"end":{"line":186,"column":47}},"28":{"start":{"line":187,"column":8},"end":{"line":187,"column":45}},"29":{"start":{"line":208,"column":8},"end":{"line":208,"column":77}},"30":{"start":{"line":209,"column":8},"end":{"line":209,"column":6692}},"31":{"start":{"line":212,"column":8},"end":{"line":212,"column":26}},"32":{"start":{"line":221,"column":8},"end":{"line":221,"column":42}},"33":{"start":{"line":222,"column":8},"end":{"line":222,"column":75}},"34":{"start":{"line":224,"column":8},"end":{"line":224,"column":79}},"35":{"start":{"line":225,"column":8},"end":{"line":225,"column":7287}},"36":{"start":{"line":229,"column":8},"end":{"line":229,"column":7405}},"37":{"start":{"line":235,"column":8},"end":{"line":235,"column":7599}},"38":{"start":{"line":239,"column":8},"end":{"line":239,"column":57}},"39":{"start":{"line":239,"column":33},"end":{"line":239,"column":57}},"40":{"start":{"line":240,"column":8},"end":{"line":240,"column":7792}},"41":{"start":{"line":242,"column":8},"end":{"line":242,"column":79}},"42":{"start":{"line":246,"column":8},"end":{"line":246,"column":50}},"43":{"start":{"line":247,"column":8},"end":{"line":247,"column":48}},"44":{"start":{"line":248,"column":8},"end":{"line":248,"column":8140}},"45":{"start":{"line":256,"column":8},"end":{"line":256,"column":8370}},"46":{"start":{"line":257,"column":12},"end":{"line":257,"column":49}},"47":{"start":{"line":258,"column":12},"end":{"line":258,"column":61}},"48":{"start":{"line":268,"column":8},"end":{"line":268,"column":8756}},"49":{"start":{"line":271,"column":8},"end":{"line":271,"column":60}},"50":{"start":{"line":276,"column":8},"end":{"line":276,"column":9173}},"51":{"start":{"line":285,"column":8},"end":{"line":285,"column":87}},"52":{"start":{"line":293,"column":8},"end":{"line":293,"column":24}},"53":{"start":{"line":297,"column":8},"end":{"line":297,"column":40}},"54":{"start":{"line":301,"column":8},"end":{"line":301,"column":36}},"55":{"start":{"line":305,"column":8},"end":{"line":305,"column":32}},"56":{"start":{"line":308,"column":8},"end":{"line":308,"column":53}},"57":{"start":{"line":311,"column":8},"end":{"line":311,"column":36}},"58":{"start":{"line":315,"column":8},"end":{"line":315,"column":32}},"59":{"start":{"line":319,"column":8},"end":{"line":319,"column":33}},"60":{"start":{"line":323,"column":8},"end":{"line":323,"column":30}},"61":{"start":{"line":329,"column":8},"end":{"line":329,"column":34}},"62":{"start":{"line":333,"column":8},"end":{"line":333,"column":34}}},"branchMap":{"1":{"line":57,"type":"if","locations":[{"start":{"line":57,"column":8},"end":{"line":57,"column":8}},{"start":{"line":57,"column":8},"end":{"line":57,"column":8}}]},"2":{"line":63,"type":"if","locations":[{"start":{"line":63,"column":8},"end":{"line":63,"column":8}},{"start":{"line":63,"column":8},"end":{"line":63,"column":8}}]},"3":{"line":75,"type":"if","locations":[{"start":{"line":75,"column":8},"end":{"line":75,"column":8}},{"start":{"line":75,"column":8},"end":{"line":75,"column":8}}]},"4":{"line":100,"type":"if","locations":[{"start":{"line":100,"column":8},"end":{"line":100,"column":8}},{"start":{"line":100,"column":8},"end":{"line":100,"column":8}}]},"5":{"line":101,"type":"if","locations":[{"start":{"line":101,"column":8},"end":{"line":101,"column":8}},{"start":{"line":101,"column":8},"end":{"line":101,"column":8}}]},"6":{"line":102,"type":"if","locations":[{"start":{"line":102,"column":8},"end":{"line":102,"column":8}},{"start":{"line":102,"column":8},"end":{"line":102,"column":8}}]},"7":{"line":117,"type":"if","locations":[{"start":{"line":117,"column":8},"end":{"line":117,"column":8}},{"start":{"line":117,"column":8},"end":{"line":117,"column":8}}]},"8":{"line":138,"type":"if","locations":[{"start":{"line":138,"column":13},"end":{"line":138,"column":13}},{"start":{"line":138,"column":13},"end":{"line":138,"column":13}}]},"9":{"line":138,"type":"if","locations":[{"start":{"line":138,"column":44},"end":{"line":138,"column":44}},{"start":{"line":138,"column":44},"end":{"line":138,"column":44}}]},"10":{"line":148,"type":"if","locations":[{"start":{"line":148,"column":49},"end":{"line":148,"column":49}},{"start":{"line":148,"column":49},"end":{"line":148,"column":49}}]},"11":{"line":152,"type":"if","locations":[{"start":{"line":152,"column":8},"end":{"line":152,"column":8}},{"start":{"line":152,"column":8},"end":{"line":152,"column":8}}]},"12":{"line":157,"type":"if","locations":[{"start":{"line":157,"column":45},"end":{"line":157,"column":45}},{"start":{"line":157,"column":45},"end":{"line":157,"column":45}}]},"13":{"line":166,"type":"if","locations":[{"start":{"line":166,"column":15},"end":{"line":166,"column":15}},{"start":{"line":166,"column":15},"end":{"line":166,"column":15}}]},"14":{"line":166,"type":"if","locations":[{"start":{"line":166,"column":41},"end":{"line":166,"column":41}},{"start":{"line":166,"column":41},"end":{"line":166,"column":41}}]},"15":{"line":168,"type":"if","locations":[{"start":{"line":168,"column":8},"end":{"line":168,"column":8}},{"start":{"line":168,"column":8},"end":{"line":168,"column":8}}]},"16":{"line":209,"type":"if","locations":[{"start":{"line":209,"column":8},"end":{"line":209,"column":8}},{"start":{"line":209,"column":8},"end":{"line":209,"column":8}}]},"17":{"line":220,"type":"if","locations":[{"start":{"line":220,"column":14},"end":{"line":220,"column":14}},{"start":{"line":220,"column":14},"end":{"line":220,"column":14}}]},"18":{"line":229,"type":"if","locations":[{"start":{"line":229,"column":8},"end":{"line":229,"column":8}},{"start":{"line":229,"column":8},"end":{"line":229,"column":8}}]},"19":{"line":239,"type":"if","locations":[{"start":{"line":239,"column":8},"end":{"line":239,"column":8}},{"start":{"line":239,"column":8},"end":{"line":239,"column":8}}]},"20":{"line":248,"type":"if","locations":[{"start":{"line":248,"column":8},"end":{"line":248,"column":8}},{"start":{"line":248,"column":8},"end":{"line":248,"column":8}}]}}},
"contracts/test/btcaggregator.sol":{"l":{},"path":"/home/akshayshekaran/Web3/stablecoin/contracts/test/btcaggregator.sol","s":{},"b":{},"f":{"1":3},"fnMap":{"1":{"name":"constructor","line":7,"loc":{"start":{"line":7,"column":4},"end":{"line":7,"column":47}}}},"statementMap":{},"branchMap":{}},
"contracts/test/Ethaggregator.sol":{"l":{},"path":"/home/akshayshekaran/Web3/stablecoin/contracts/test/Ethaggregator.sol","s":{},"b":{},"f":{"1":3},"fnMap":{"1":{"name":"constructor","line":7,"loc":{"start":{"line":7,"column":4},"end":{"line":7,"column":47}}}},"statementMap":{},"branchMap":{}},
"contracts/test/Wbtcmock.sol":{"l":{"10":3,"14":0,"18":0},"path":"/home/akshayshekaran/Web3/stablecoin/contracts/test/Wbtcmock.sol","s":{"1":3,"2":0,"3":0},"b":{},"f":{"1":3,"2":0,"3":0},"fnMap":{"1":{"name":"constructor","line":9,"loc":{"start":{"line":9,"column":2},"end":{"line":11,"column":2}}},"2":{"name":"mint","line":13,"loc":{"start":{"line":13,"column":2},"end":{"line":15,"column":2}}},"3":{"name":"burn","line":17,"loc":{"start":{"line":17,"column":2},"end":{"line":19,"column":2}}}},"statementMap":{"1":{"start":{"line":10,"column":4},"end":{"line":10,"column":40}},"2":{"start":{"line":14,"column":4},"end":{"line":14,"column":25}},"3":{"start":{"line":18,"column":4},"end":{"line":18,"column":25}}},"branchMap":{}},
"contracts/test/Wethmock.sol":{"l":{"10":3,"14":20,"18":0},"path":"/home/akshayshekaran/Web3/stablecoin/contracts/test/Wethmock.sol","s":{"1":3,"2":20,"3":0},"b":{},"f":{"1":3,"2":20,"3":0},"fnMap":{"1":{"name":"constructor","line":9,"loc":{"start":{"line":9,"column":2},"end":{"line":11,"column":2}}},"2":{"name":"mint","line":13,"loc":{"start":{"line":13,"column":2},"end":{"line":15,"column":2}}},"3":{"name":"burn","line":17,"loc":{"start":{"line":17,"column":2},"end":{"line":19,"column":2}}}},"statementMap":{"1":{"start":{"line":10,"column":4},"end":{"line":10,"column":40}},"2":{"start":{"line":14,"column":4},"end":{"line":14,"column":25}},"3":{"start":{"line":18,"column":4},"end":{"line":18,"column":25}}},"branchMap":{}}}
