TN:
SF:/home/akshayshekaran/Web3/stablecoin/contracts/DecentralizedStableCoin.sol
FN:41,constructor
FN:43,burn
FN:57,mint
FNF:3
FNH:3
FNDA:3,constructor
FNDA:6,burn
FNDA:18,mint
DA:44,6
DA:45,6
DA:46,1
DA:48,5
DA:49,1
DA:51,4
DA:58,18
DA:59,1
DA:61,17
DA:63,1
DA:65,16
DA:66,16
LF:12
LH:12
BRDA:43,1,0,6
BRDA:43,1,1,1
BRDA:45,2,0,1
BRDA:45,2,1,5
BRDA:48,3,0,1
BRDA:48,3,1,4
BRDA:57,4,0,18
BRDA:57,4,1,1
BRDA:58,5,0,1
BRDA:58,5,1,17
BRDA:61,6,0,1
BRDA:61,6,1,16
BRF:12
BRH:12
end_of_record
TN:
SF:/home/akshayshekaran/Web3/stablecoin/contracts/KAAIEngine.sol
FN:56,moreThanZero
FN:62,isTokenAllowed
FN:70,constructor
FN:86,depositCollateralandMintKaai
FN:102,depositCollateral
FN:122,redeemCollateralForKaai
FN:138,redeemCollateral
FN:148,mintKaai
FN:157,burnKaai
FN:166,liquidate
FN:191,getAccountInformation
FN:202,_burnKaai
FN:220,_redeemCollateral
FN:234,_healthFactor
FN:245,revertIfHealthFactorBroken
FN:253,getCollateralValue
FN:264,getTokenAmountFromUsd
FN:280,getUsdValue
FN:292,getPrecision
FN:296,getAdditionalFeedPrecision
FN:300,getLiquidationThreshold
FN:304,getLiquidationBonus
FN:307,getCollateralDeposit
FN:310,getLiquidationPrecision
FN:314,getMinHealthFactor
FN:318,getCollateralTokens
FN:322,getKaai
FN:326,getCollateralTokenPriceFeed
FN:332,getHealthFactor
FNF:29
FNH:26
FNDA:43,moreThanZero
FNDA:17,isTokenAllowed
FNDA:3,constructor
FNDA:0,depositCollateralandMintKaai
FNDA:16,depositCollateral
FNDA:0,redeemCollateralForKaai
FNDA:3,redeemCollateral
FNDA:13,mintKaai
FNDA:2,burnKaai
FNDA:2,liquidate
FNDA:22,getAccountInformation
FNDA:3,_burnKaai
FNDA:4,_redeemCollateral
FNDA:22,_healthFactor
FNDA:19,revertIfHealthFactorBroken
FNDA:23,getCollateralValue
FNDA:2,getTokenAmountFromUsd
FNDA:48,getUsdValue
FNDA:1,getPrecision
FNDA:1,getAdditionalFeedPrecision
FNDA:1,getLiquidationThreshold
FNDA:1,getLiquidationBonus
FNDA:1,getCollateralDeposit
FNDA:0,getLiquidationPrecision
FNDA:1,getMinHealthFactor
FNDA:1,getCollateralTokens
FNDA:1,getKaai
FNDA:2,getCollateralTokenPriceFeed
FNDA:1,getHealthFactor
DA:57,43
DA:58,2
DA:60,41
DA:63,17
DA:64,1
DA:66,16
DA:75,3
DA:76,0
DA:78,3
DA:79,3
DA:81,3
DA:82,3
DA:91,0
DA:92,0
DA:104,16
DA:107,16
DA:112,16
DA:117,16
DA:118,0
DA:127,0
DA:128,0
DA:129,0
DA:139,3
DA:145,3
DA:149,13
DA:150,13
DA:151,12
DA:152,12
DA:153,0
DA:158,2
DA:159,2
DA:167,2
DA:168,2
DA:169,1
DA:171,1
DA:176,1
DA:178,1
DA:179,1
DA:180,1
DA:186,1
DA:187,1
DA:198,22
DA:199,22
DA:207,3
DA:208,3
DA:209,3
DA:210,0
DA:212,3
DA:221,4
DA:222,4
DA:223,4
DA:224,4
DA:225,4
DA:229,4
DA:230,0
DA:235,22
DA:239,22
DA:240,22
DA:242,22
DA:246,19
DA:247,19
DA:248,19
DA:249,2
DA:256,23
DA:257,46
DA:258,46
DA:260,46
DA:268,2
DA:271,2
DA:276,2
DA:285,48
DA:286,48
DA:293,1
DA:297,1
DA:301,1
DA:305,1
DA:308,1
DA:311,0
DA:315,1
DA:319,1
DA:323,1
DA:329,2
DA:333,1
LF:83
LH:72
BRDA:57,1,0,2
BRDA:57,1,1,41
BRDA:63,2,0,1
BRDA:63,2,1,16
BRDA:75,3,0,0
BRDA:75,3,1,3
BRDA:100,4,0,17
BRDA:100,4,1,1
BRDA:101,5,0,16
BRDA:101,5,1,1
BRDA:102,6,0,16
BRDA:102,6,1,0
BRDA:117,7,0,0
BRDA:117,7,1,16
BRDA:138,8,0,3
BRDA:138,8,1,0
BRDA:138,9,0,3
BRDA:138,9,1,0
BRDA:148,10,0,13
BRDA:148,10,1,1
BRDA:152,11,0,0
BRDA:152,11,1,12
BRDA:157,12,0,2
BRDA:157,12,1,0
BRDA:166,13,0,2
BRDA:166,13,1,0
BRDA:166,14,0,2
BRDA:166,14,1,0
BRDA:168,15,0,1
BRDA:168,15,1,1
BRDA:209,16,0,0
BRDA:209,16,1,3
BRDA:220,17,0,4
BRDA:220,17,1,0
BRDA:229,18,0,0
BRDA:229,18,1,4
BRDA:239,19,0,0
BRDA:239,19,1,22
BRDA:248,20,0,2
BRDA:248,20,1,17
BRF:40
BRH:27
end_of_record
TN:
SF:/home/akshayshekaran/Web3/stablecoin/contracts/test/btcaggregator.sol
FN:7,constructor
FNF:1
FNH:1
FNDA:3,constructor
LF:0
LH:0
BRF:0
BRH:0
end_of_record
TN:
SF:/home/akshayshekaran/Web3/stablecoin/contracts/test/Ethaggregator.sol
FN:7,constructor
FNF:1
FNH:1
FNDA:3,constructor
LF:0
LH:0
BRF:0
BRH:0
end_of_record
TN:
SF:/home/akshayshekaran/Web3/stablecoin/contracts/test/Wbtcmock.sol
FN:9,constructor
FN:13,mint
FN:17,burn
FNF:3
FNH:1
FNDA:3,constructor
FNDA:0,mint
FNDA:0,burn
DA:10,3
DA:14,0
DA:18,0
LF:3
LH:1
BRF:0
BRH:0
end_of_record
TN:
SF:/home/akshayshekaran/Web3/stablecoin/contracts/test/Wethmock.sol
FN:9,constructor
FN:13,mint
FN:17,burn
FNF:3
FNH:2
FNDA:3,constructor
FNDA:20,mint
FNDA:0,burn
DA:10,3
DA:14,20
DA:18,0
LF:3
LH:2
BRF:0
BRH:0
end_of_record
